Build started 1. 3. 2014 12:49:46.
     1>Project "C:\Users\mm\Documents\GitHub\rendering\Rendering\rendering.vcxproj" on node 2 (build target(s)).
     1>InitializeBuildStatus:
         Touching "Debug\rendering.unsuccessfulbuild".
       ClCompile:
         All outputs are up-to-date.
       ManifestResourceCompile:
         All outputs are up-to-date.
       Link:
         C:\Program Files (x86)\Microsoft Visual Studio 10.0\VC\bin\link.exe /ERRORREPORT:PROMPT /OUT:"C:\Users\mm\Documents\GitHub\rendering\Debug\rendering.exe" /INCREMENTAL /NOLOGO kernel32.lib user32.lib gdi32.lib winspool.lib comdlg32.lib advapi32.lib shell32.lib ole32.lib oleaut32.lib uuid.lib odbc32.lib odbccp32.lib /MANIFEST /ManifestFile:"Debug\rendering.exe.intermediate.manifest" /MANIFESTUAC:"level='asInvoker' uiAccess='false'" /DEBUG /PDB:"C:\Users\mm\Documents\GitHub\rendering\Debug\rendering.pdb" /SUBSYSTEM:CONSOLE /TLBID:1 /DYNAMICBASE /NXCOMPAT /IMPLIB:"C:\Users\mm\Documents\GitHub\rendering\Debug\rendering.lib" /MACHINE:X86 Debug\rendering.exe.embed.manifest.res
         Debug\fonts.obj
         Debug\geometry.obj
         Debug\meshes.obj
         Debug\rendering.obj
         Debug\shaders.obj
         Debug\stdafx.obj
         Debug\textures.obj
     1>fonts.obj : error LNK2019: unresolved external symbol __imp__FT_Done_Face referenced in function "void __cdecl init2DFontFT(char const *)" (?init2DFontFT@@YAXPBD@Z)
     1>fonts.obj : error LNK2019: unresolved external symbol __imp__FT_Glyph_To_Bitmap referenced in function "void __cdecl init2DFontFT(char const *)" (?init2DFontFT@@YAXPBD@Z)
     1>fonts.obj : error LNK2019: unresolved external symbol __imp__FT_Get_Glyph referenced in function "void __cdecl init2DFontFT(char const *)" (?init2DFontFT@@YAXPBD@Z)
     1>fonts.obj : error LNK2019: unresolved external symbol __imp__FT_Load_Glyph referenced in function "void __cdecl init2DFontFT(char const *)" (?init2DFontFT@@YAXPBD@Z)
     1>fonts.obj : error LNK2019: unresolved external symbol __imp__FT_Get_Char_Index referenced in function "void __cdecl init2DFontFT(char const *)" (?init2DFontFT@@YAXPBD@Z)
     1>fonts.obj : error LNK2019: unresolved external symbol __imp__FT_Set_Char_Size referenced in function "void __cdecl init2DFontFT(char const *)" (?init2DFontFT@@YAXPBD@Z)
     1>fonts.obj : error LNK2019: unresolved external symbol __imp__FT_Done_FreeType referenced in function "void __cdecl init2DFontFT(char const *)" (?init2DFontFT@@YAXPBD@Z)
     1>fonts.obj : error LNK2019: unresolved external symbol __imp__FT_New_Face referenced in function "void __cdecl init2DFontFT(char const *)" (?init2DFontFT@@YAXPBD@Z)
     1>fonts.obj : error LNK2019: unresolved external symbol __imp__FT_Init_FreeType referenced in function "void __cdecl init2DFontFT(char const *)" (?init2DFontFT@@YAXPBD@Z)
     1>fonts.obj : error LNK2001: unresolved external symbol __imp____glewWindowPos2f
     1>geometry.obj : error LNK2001: unresolved external symbol __imp____glewBufferData
     1>meshes.obj : error LNK2001: unresolved external symbol __imp____glewBufferData
     1>geometry.obj : error LNK2001: unresolved external symbol __imp____glewBindBuffer
     1>meshes.obj : error LNK2001: unresolved external symbol __imp____glewBindBuffer
     1>geometry.obj : error LNK2001: unresolved external symbol __imp____glewGenBuffers
     1>meshes.obj : error LNK2001: unresolved external symbol __imp____glewGenBuffers
     1>geometry.obj : error LNK2001: unresolved external symbol __imp____glewDeleteBuffers
     1>meshes.obj : error LNK2019: unresolved external symbol _aiGetMaterialFloatArray referenced in function "class Scene * __cdecl LoadScene(char const *)" (?LoadScene@@YAPAVScene@@PBD@Z)
     1>meshes.obj : error LNK2019: unresolved external symbol _aiGetMaterialColor referenced in function "class Scene * __cdecl LoadScene(char const *)" (?LoadScene@@YAPAVScene@@PBD@Z)
     1>meshes.obj : error LNK2019: unresolved external symbol _aiImportFile referenced in function "class Scene * __cdecl LoadScene(char const *)" (?LoadScene@@YAPAVScene@@PBD@Z)
     1>meshes.obj : error LNK2019: unresolved external symbol _aiGetMaterialTexture referenced in function "public: enum aiReturn __thiscall aiMaterial::GetTexture(enum aiTextureType,unsigned int,struct aiString *,enum aiTextureMapping *,unsigned int *,float *,enum aiTextureOp *,enum aiTextureMapMode *)const " (?GetTexture@aiMaterial@@QBE?AW4aiReturn@@W4aiTextureType@@IPAUaiString@@PAW4aiTextureMapping@@PAIPAMPAW4aiTextureOp@@PAW4aiTextureMapMode@@@Z)
     1>meshes.obj : error LNK2001: unresolved external symbol __imp____glewActiveTexture
     1>rendering.obj : error LNK2001: unresolved external symbol __imp____glewActiveTexture
     1>rendering.obj : error LNK2001: unresolved external symbol __imp____glewUseProgram
     1>rendering.obj : error LNK2019: unresolved external symbol __imp__glewInit@0 referenced in function _main
     1>shaders.obj : error LNK2001: unresolved external symbol __imp____glewDeleteShader
     1>shaders.obj : error LNK2001: unresolved external symbol __imp____glewGetShaderInfoLog
     1>shaders.obj : error LNK2001: unresolved external symbol __imp____glewGetShaderiv
     1>shaders.obj : error LNK2001: unresolved external symbol __imp____glewCompileShader
     1>shaders.obj : error LNK2001: unresolved external symbol __imp____glewShaderSource
     1>shaders.obj : error LNK2001: unresolved external symbol __imp____glewCreateShader
     1>shaders.obj : error LNK2001: unresolved external symbol __imp____glewDeleteProgram
     1>shaders.obj : error LNK2001: unresolved external symbol __imp____glewGetProgramInfoLog
     1>shaders.obj : error LNK2001: unresolved external symbol __imp____glewGetProgramiv
     1>shaders.obj : error LNK2001: unresolved external symbol __imp____glewLinkProgram
     1>shaders.obj : error LNK2001: unresolved external symbol __imp____glewAttachShader
     1>shaders.obj : error LNK2001: unresolved external symbol __imp____glewCreateProgram
     1>shaders.obj : error LNK2001: unresolved external symbol __imp____glewUniform1i
     1>shaders.obj : error LNK2001: unresolved external symbol __imp____glewGetUniformLocation
     1>shaders.obj : error LNK2001: unresolved external symbol __imp____glewUniform4fv
     1>shaders.obj : error LNK2001: unresolved external symbol __imp____glewUniformMatrix4fv
     1>textures.obj : error LNK2019: unresolved external symbol __imp__ilGetData@0 referenced in function "unsigned int __cdecl LoadTexture(char const *)" (?LoadTexture@@YAIPBD@Z)
     1>textures.obj : error LNK2019: unresolved external symbol __imp__ilGetInteger@4 referenced in function "unsigned int __cdecl LoadTexture(char const *)" (?LoadTexture@@YAIPBD@Z)
     1>textures.obj : error LNK2019: unresolved external symbol __imp__ilDeleteImages@8 referenced in function "unsigned int __cdecl LoadTexture(char const *)" (?LoadTexture@@YAIPBD@Z)
     1>textures.obj : error LNK2019: unresolved external symbol __imp__ilLoadImage@4 referenced in function "unsigned int __cdecl LoadTexture(char const *)" (?LoadTexture@@YAIPBD@Z)
     1>textures.obj : error LNK2019: unresolved external symbol __imp__ilBindImage@4 referenced in function "unsigned int __cdecl LoadTexture(char const *)" (?LoadTexture@@YAIPBD@Z)
     1>textures.obj : error LNK2019: unresolved external symbol __imp__ilGenImages@8 referenced in function "unsigned int __cdecl LoadTexture(char const *)" (?LoadTexture@@YAIPBD@Z)
     1>textures.obj : error LNK2019: unresolved external symbol __imp__ilInit@0 referenced in function "unsigned int __cdecl LoadTexture(char const *)" (?LoadTexture@@YAIPBD@Z)
     1>C:\Users\mm\Documents\GitHub\rendering\Debug\rendering.exe : fatal error LNK1120: 44 unresolved externals
     1>Done Building Project "C:\Users\mm\Documents\GitHub\rendering\Rendering\rendering.vcxproj" (build target(s)) -- FAILED.

Build FAILED.

Time Elapsed 00:00:00.10
